mode: set
golang-advance-practice/workshop/l1-overcoocoo-with-test/restaurant/orderLine.go:21.46,29.28 2 0
golang-advance-practice/workshop/l1-overcoocoo-with-test/restaurant/orderLine.go:36.2,36.10 1 0
golang-advance-practice/workshop/l1-overcoocoo-with-test/restaurant/orderLine.go:29.28,34.3 2 0
golang-advance-practice/workshop/l1-overcoocoo-with-test/restaurant/orderLine.go:40.62,49.42 2 0
golang-advance-practice/workshop/l1-overcoocoo-with-test/restaurant/orderLine.go:58.2,58.16 1 0
golang-advance-practice/workshop/l1-overcoocoo-with-test/restaurant/orderLine.go:49.42,51.3 1 0
golang-advance-practice/workshop/l1-overcoocoo-with-test/restaurant/orderLine.go:51.8,55.3 1 0
golang-advance-practice/workshop/l1-overcoocoo-with-test/restaurant/receptionist.go:20.52,24.2 1 0
golang-advance-practice/workshop/l1-overcoocoo-with-test/restaurant/receptionist.go:27.54,31.17 3 1
golang-advance-practice/workshop/l1-overcoocoo-with-test/restaurant/receptionist.go:35.2,36.14 2 1
golang-advance-practice/workshop/l1-overcoocoo-with-test/restaurant/receptionist.go:45.2,45.38 1 1
golang-advance-practice/workshop/l1-overcoocoo-with-test/restaurant/receptionist.go:31.17,33.3 1 1
golang-advance-practice/workshop/l1-overcoocoo-with-test/restaurant/receptionist.go:36.14,44.3 4 1
golang-advance-practice/workshop/l1-overcoocoo-with-test/restaurant/receptionist.go:49.53,53.39 3 1
golang-advance-practice/workshop/l1-overcoocoo-with-test/restaurant/receptionist.go:60.2,60.18 1 1
golang-advance-practice/workshop/l1-overcoocoo-with-test/restaurant/receptionist.go:53.39,54.38 1 1
golang-advance-practice/workshop/l1-overcoocoo-with-test/restaurant/receptionist.go:54.38,55.43 1 1
golang-advance-practice/workshop/l1-overcoocoo-with-test/restaurant/receptionist.go:55.43,57.5 1 1
golang-advance-practice/workshop/l1-overcoocoo-with-test/restaurant/receptionist.go:64.40,66.2 1 1
golang-advance-practice/workshop/l1-overcoocoo-with-test/restaurant/restaurant.go:31.37,46.2 4 0
golang-advance-practice/workshop/l1-overcoocoo-with-test/restaurant/restaurant.go:49.44,51.2 1 0
golang-advance-practice/workshop/l1-overcoocoo-with-test/restaurant/restaurant.go:54.37,57.25 2 0
golang-advance-practice/workshop/l1-overcoocoo-with-test/restaurant/restaurant.go:63.2,63.25 1 0
golang-advance-practice/workshop/l1-overcoocoo-with-test/restaurant/restaurant.go:68.2,68.25 1 0
golang-advance-practice/workshop/l1-overcoocoo-with-test/restaurant/restaurant.go:74.2,77.15 3 0
golang-advance-practice/workshop/l1-overcoocoo-with-test/restaurant/restaurant.go:57.25,61.3 3 0
golang-advance-practice/workshop/l1-overcoocoo-with-test/restaurant/restaurant.go:63.25,66.3 2 0
golang-advance-practice/workshop/l1-overcoocoo-with-test/restaurant/restaurant.go:68.25,71.3 2 0
golang-advance-practice/workshop/l1-overcoocoo-with-test/restaurant/restaurant.go:81.56,85.39 2 0
golang-advance-practice/workshop/l1-overcoocoo-with-test/restaurant/restaurant.go:91.2,91.25 1 0
golang-advance-practice/workshop/l1-overcoocoo-with-test/restaurant/restaurant.go:96.2,97.16 2 0
golang-advance-practice/workshop/l1-overcoocoo-with-test/restaurant/restaurant.go:101.2,101.12 1 0
golang-advance-practice/workshop/l1-overcoocoo-with-test/restaurant/restaurant.go:85.39,87.26 1 0
golang-advance-practice/workshop/l1-overcoocoo-with-test/restaurant/restaurant.go:87.26,89.4 1 0
golang-advance-practice/workshop/l1-overcoocoo-with-test/restaurant/restaurant.go:91.25,93.3 1 0
golang-advance-practice/workshop/l1-overcoocoo-with-test/restaurant/restaurant.go:97.16,99.3 1 0
golang-advance-practice/workshop/l1-overcoocoo-with-test/restaurant/waiter.go:21.40,27.2 3 0
golang-advance-practice/workshop/l1-overcoocoo-with-test/restaurant/waiter.go:30.41,33.48 2 0
golang-advance-practice/workshop/l1-overcoocoo-with-test/restaurant/waiter.go:50.2,50.28 1 0
golang-advance-practice/workshop/l1-overcoocoo-with-test/restaurant/waiter.go:33.48,35.28 1 0
golang-advance-practice/workshop/l1-overcoocoo-with-test/restaurant/waiter.go:35.28,48.4 3 0
golang-advance-practice/workshop/l1-overcoocoo-with-test/restaurant/waiter.go:54.72,58.2 2 0
golang-advance-practice/workshop/l1-overcoocoo-with-test/restaurant/waiter.go:61.39,63.9 1 0
golang-advance-practice/workshop/l1-overcoocoo-with-test/restaurant/waiter.go:64.52,65.9 1 0
golang-advance-practice/workshop/l1-overcoocoo-with-test/restaurant/waiter.go:77.10,77.10 0 0
golang-advance-practice/workshop/l1-overcoocoo-with-test/restaurant/waiter.go:65.9,75.4 4 0
golang-advance-practice/workshop/l1-overcoocoo-with-test/restaurant/waiter.go:83.56,91.25 4 0
golang-advance-practice/workshop/l1-overcoocoo-with-test/restaurant/waiter.go:96.2,97.18 2 0
golang-advance-practice/workshop/l1-overcoocoo-with-test/restaurant/waiter.go:91.25,93.3 1 0
golang-advance-practice/workshop/l1-overcoocoo-with-test/restaurant/waiter.go:93.8,95.3 1 0
golang-advance-practice/workshop/l1-overcoocoo-with-test/restaurant/waiter.go:101.39,103.48 2 0
golang-advance-practice/workshop/l1-overcoocoo-with-test/restaurant/waiter.go:112.2,112.28 1 0
golang-advance-practice/workshop/l1-overcoocoo-with-test/restaurant/waiter.go:103.48,105.28 1 0
golang-advance-practice/workshop/l1-overcoocoo-with-test/restaurant/waiter.go:105.28,107.36 1 0
golang-advance-practice/workshop/l1-overcoocoo-with-test/restaurant/waiter.go:107.36,109.5 1 0
golang-advance-practice/workshop/l1-overcoocoo-with-test/restaurant/waiter.go:116.28,118.6 1 0
golang-advance-practice/workshop/l1-overcoocoo-with-test/restaurant/waiter.go:118.6,131.3 4 0
golang-advance-practice/workshop/l1-overcoocoo-with-test/restaurant/chief.go:17.24,26.2 3 0
golang-advance-practice/workshop/l1-overcoocoo-with-test/restaurant/chief.go:29.55,31.2 1 0
golang-advance-practice/workshop/l1-overcoocoo-with-test/restaurant/chief.go:34.46,35.25 1 0
golang-advance-practice/workshop/l1-overcoocoo-with-test/restaurant/chief.go:35.25,37.3 1 0
golang-advance-practice/workshop/l1-overcoocoo-with-test/restaurant/chief.go:41.35,49.2 3 0
golang-advance-practice/workshop/l1-overcoocoo-with-test/restaurant/chief.go:52.38,55.2 2 0
golang-advance-practice/workshop/l1-overcoocoo-with-test/restaurant/chief.go:58.29,60.2 1 0
golang-advance-practice/workshop/l1-overcoocoo-with-test/restaurant/chief.go:63.29,66.6 1 0
golang-advance-practice/workshop/l1-overcoocoo-with-test/restaurant/chief.go:66.6,67.10 1 0
golang-advance-practice/workshop/l1-overcoocoo-with-test/restaurant/chief.go:68.28,69.10 1 0
golang-advance-practice/workshop/l1-overcoocoo-with-test/restaurant/chief.go:72.33,73.10 1 0
golang-advance-practice/workshop/l1-overcoocoo-with-test/restaurant/chief.go:69.10,71.5 1 0
golang-advance-practice/workshop/l1-overcoocoo-with-test/restaurant/chief.go:73.10,74.16 1 0
golang-advance-practice/workshop/l1-overcoocoo-with-test/restaurant/chief.go:74.16,75.16 1 0
golang-advance-practice/workshop/l1-overcoocoo-with-test/restaurant/customer.go:18.41,22.2 1 0
golang-advance-practice/workshop/l1-overcoocoo-with-test/restaurant/customer.go:25.36,27.2 1 0
golang-advance-practice/workshop/l1-overcoocoo-with-test/restaurant/customer.go:30.35,32.2 1 0
golang-advance-practice/workshop/l1-overcoocoo-with-test/restaurant/customer.go:35.40,39.2 3 0
golang-advance-practice/workshop/l1-overcoocoo-with-test/restaurant/customer.go:42.28,45.2 2 0
